{"C:\\web\\stellar-burgers\\src\\services\\store.ts": {"path":"C:\\web\\stellar-burgers\\src\\services\\store.ts","statementMap":{"0":{"start":{"line":1,"column":0},"end":{"line":1,"column":50}},"1":{"start":{"line":3,"column":0},"end":{"line":3,"column":null}},"2":{"start":{"line":8,"column":0},"end":{"line":8,"column":53}},"3":{"start":{"line":10,"column":13},"end":{"line":13,"column":3}},"4":{"start":{"line":20,"column":46},"end":{"line":20,"column":64}},"5":{"start":{"line":20,"column":52},"end":{"line":20,"column":67}},"6":{"start":{"line":20,"column":13},"end":{"line":20,"column":46}},"7":{"start":{"line":21,"column":13},"end":{"line":21,"column":73}},"8":{"start":{"line":23,"column":0},"end":{"line":23,"column":21}}},"fnMap":{"0":{"name":"(anonymous_0)","decl":{"start":{"line":20,"column":46},"end":{"line":20,"column":52}},"loc":{"start":{"line":20,"column":46},"end":{"line":20,"column":64}}}},"branchMap":{},"s":{"0":1,"1":1,"2":1,"3":1,"4":1,"5":0,"6":1,"7":1,"8":1},"f":{"0":0},"b":{}}
,"C:\\web\\stellar-burgers\\src\\services\\reducers\\rootReducer.ts": {"path":"C:\\web\\stellar-burgers\\src\\services\\reducers\\rootReducer.ts","statementMap":{"0":{"start":{"line":1,"column":0},"end":{"line":1,"column":49}},"1":{"start":{"line":2,"column":0},"end":{"line":2,"column":48}},"2":{"start":{"line":3,"column":0},"end":{"line":3,"column":62}},"3":{"start":{"line":4,"column":0},"end":{"line":4,"column":59}},"4":{"start":{"line":5,"column":0},"end":{"line":5,"column":67}},"5":{"start":{"line":6,"column":0},"end":{"line":6,"column":74}},"6":{"start":{"line":7,"column":0},"end":{"line":7,"column":58}},"7":{"start":{"line":8,"column":13},"end":{"line":15,"column":2}}},"fnMap":{},"branchMap":{},"s":{"0":1,"1":1,"2":1,"3":1,"4":1,"5":1,"6":1,"7":1},"f":{},"b":{}}
,"C:\\web\\stellar-burgers\\src\\services\\slices\\activeOrdersSlice.ts": {"path":"C:\\web\\stellar-burgers\\src\\services\\slices\\activeOrdersSlice.ts","statementMap":{"0":{"start":{"line":2,"column":0},"end":{"line":2,"column":36}},"1":{"start":{"line":3,"column":0},"end":{"line":3,"column":65}},"2":{"start":{"line":5,"column":13},"end":{"line":8,"column":2}},"3":{"start":{"line":7,"column":2},"end":{"line":7,"column":null}},"4":{"start":{"line":7,"column":14},"end":{"line":7,"column":null}},"5":{"start":{"line":16,"column":13},"end":{"line":20,"column":2}},"6":{"start":{"line":22,"column":13},"end":{"line":42,"column":3}},"7":{"start":{"line":27,"column":4},"end":{"line":40,"column":9}},"8":{"start":{"line":29,"column":8},"end":{"line":29,"column":36}},"9":{"start":{"line":30,"column":8},"end":{"line":30,"column":26}},"10":{"start":{"line":31,"column":8},"end":{"line":31,"column":27}},"11":{"start":{"line":34,"column":8},"end":{"line":34,"column":37}},"12":{"start":{"line":35,"column":8},"end":{"line":35,"column":65}},"13":{"start":{"line":38,"column":8},"end":{"line":38,"column":37}},"14":{"start":{"line":39,"column":8},"end":{"line":39,"column":38}},"15":{"start":{"line":44,"column":37},"end":{"line":46,"column":11}},"16":{"start":{"line":46,"column":6},"end":{"line":46,"column":35}},"17":{"start":{"line":44,"column":13},"end":{"line":44,"column":37}},"18":{"start":{"line":48,"column":0},"end":{"line":48,"column":44}}},"fnMap":{"0":{"name":"(anonymous_13)","decl":{"start":{"line":7,"column":2},"end":{"line":7,"column":14}},"loc":{"start":{"line":7,"column":2},"end":{"line":7,"column":null}}},"1":{"name":"(anonymous_16)","decl":{"start":{"line":26,"column":17},"end":{"line":26,"column":18}},"loc":{"start":{"line":26,"column":25},"end":{"line":41,"column":3}}},"2":{"name":"(anonymous_17)","decl":{"start":{"line":28,"column":42},"end":{"line":28,"column":43}},"loc":{"start":{"line":28,"column":48},"end":{"line":32,"column":7}}},"3":{"name":"(anonymous_18)","decl":{"start":{"line":33,"column":43},"end":{"line":33,"column":44}},"loc":{"start":{"line":33,"column":57},"end":{"line":36,"column":7}}},"4":{"name":"(anonymous_19)","decl":{"start":{"line":37,"column":44},"end":{"line":37,"column":45}},"loc":{"start":{"line":37,"column":58},"end":{"line":40,"column":7}}},"5":{"name":"(anonymous_20)","decl":{"start":{"line":44,"column":37},"end":{"line":44,"column":38}},"loc":{"start":{"line":46,"column":1},"end":{"line":46,"column":11}}}},"branchMap":{"0":{"loc":{"start":{"line":35,"column":22},"end":{"line":35,"column":64}},"type":"binary-expr","locations":[{"start":{"line":35,"column":22},"end":{"line":35,"column":42}},{"start":{"line":35,"column":46},"end":{"line":35,"column":64}}]}},"s":{"0":2,"1":2,"2":2,"3":0,"4":0,"5":2,"6":2,"7":2,"8":1,"9":1,"10":1,"11":1,"12":1,"13":1,"14":1,"15":2,"16":0,"17":2,"18":2},"f":{"0":0,"1":2,"2":1,"3":1,"4":1,"5":0},"b":{"0":[1,0]}}
,"C:\\web\\stellar-burgers\\src\\services\\slices\\burgerConstructorSlice.ts": {"path":"C:\\web\\stellar-burgers\\src\\services\\slices\\burgerConstructorSlice.ts","statementMap":{"0":{"start":{"line":1,"column":0},"end":{"line":1,"column":70}},"1":{"start":{"line":10,"column":13},"end":{"line":13,"column":2}},"2":{"start":{"line":15,"column":13},"end":{"line":62,"column":3}},"3":{"start":{"line":19,"column":36},"end":{"line":19,"column":null}},"4":{"start":{"line":24,"column":38},"end":{"line":26,"column":null}},"5":{"start":{"line":29,"column":8},"end":{"line":33,"column":9}},"6":{"start":{"line":30,"column":10},"end":{"line":30,"column":37}},"7":{"start":{"line":32,"column":10},"end":{"line":32,"column":49}},"8":{"start":{"line":37,"column":30},"end":{"line":38,"column":null}},"9":{"start":{"line":38,"column":24},"end":{"line":38,"column":null}},"10":{"start":{"line":41,"column":6},"end":{"line":43,"column":7}},"11":{"start":{"line":42,"column":8},"end":{"line":42,"column":53}},"12":{"start":{"line":49,"column":27},"end":{"line":49,"column":41}},"13":{"start":{"line":49,"column":18},"end":{"line":49,"column":20}},"14":{"start":{"line":49,"column":22},"end":{"line":49,"column":27}},"15":{"start":{"line":51,"column":6},"end":{"line":54,"column":7}},"16":{"start":{"line":52,"column":34},"end":{"line":52,"column":68}},"17":{"start":{"line":53,"column":8},"end":{"line":53,"column":57}},"18":{"start":{"line":58,"column":6},"end":{"line":58,"column":29}},"19":{"start":{"line":59,"column":6},"end":{"line":59,"column":23}},"20":{"start":{"line":65,"column":2},"end":{"line":68,"column":null}},"21":{"start":{"line":72,"column":15},"end":{"line":72,"column":72}}},"fnMap":{"0":{"name":"(anonymous_2)","decl":{"start":{"line":19,"column":25},"end":{"line":19,"column":26}},"loc":{"start":{"line":19,"column":31},"end":{"line":19,"column":41}}},"1":{"name":"(anonymous_3)","decl":{"start":{"line":24,"column":15},"end":{"line":24,"column":16}},"loc":{"start":{"line":24,"column":33},"end":{"line":24,"column":39}}},"2":{"name":"(anonymous_4)","decl":{"start":{"line":28,"column":15},"end":{"line":28,"column":16}},"loc":{"start":{"line":28,"column":68},"end":{"line":34,"column":7}}},"3":{"name":"(anonymous_5)","decl":{"start":{"line":36,"column":37},"end":{"line":36,"column":38}},"loc":{"start":{"line":36,"column":74},"end":{"line":44,"column":5}}},"4":{"name":"(anonymous_6)","decl":{"start":{"line":38,"column":8},"end":{"line":38,"column":9}},"loc":{"start":{"line":38,"column":19},"end":{"line":38,"column":34}}},"5":{"name":"(anonymous_7)","decl":{"start":{"line":45,"column":33},"end":{"line":45,"column":null}},"loc":{"start":{"line":47,"column":57},"end":{"line":55,"column":5}}},"6":{"name":"(anonymous_8)","decl":{"start":{"line":56,"column":22},"end":{"line":56,"column":23}},"loc":{"start":{"line":56,"column":28},"end":{"line":60,"column":5}}}},"branchMap":{"0":{"loc":{"start":{"line":29,"column":8},"end":{"line":33,"column":9}},"type":"if","locations":[{"start":{"line":29,"column":8},"end":{"line":33,"column":9}},{"start":{"line":31,"column":15},"end":{"line":33,"column":9}}]},"1":{"loc":{"start":{"line":41,"column":6},"end":{"line":43,"column":7}},"type":"if","locations":[{"start":{"line":41,"column":6},"end":{"line":43,"column":7}}]},"2":{"loc":{"start":{"line":51,"column":6},"end":{"line":54,"column":7}},"type":"if","locations":[{"start":{"line":51,"column":6},"end":{"line":54,"column":7}}]}},"s":{"0":2,"1":2,"2":2,"3":0,"4":2,"5":2,"6":1,"7":1,"8":1,"9":1,"10":1,"11":1,"12":1,"13":1,"14":1,"15":1,"16":1,"17":1,"18":0,"19":0,"20":2,"21":2},"f":{"0":0,"1":2,"2":2,"3":1,"4":1,"5":1,"6":0},"b":{"0":[1,1],"1":[1],"2":[1]}}
,"C:\\web\\stellar-burgers\\src\\services\\slices\\feedSlice.ts": {"path":"C:\\web\\stellar-burgers\\src\\services\\slices\\feedSlice.ts","statementMap":{"0":{"start":{"line":1,"column":0},"end":{"line":1,"column":null}},"1":{"start":{"line":7,"column":0},"end":{"line":7,"column":35}},"2":{"start":{"line":19,"column":13},"end":{"line":27,"column":2}},"3":{"start":{"line":30,"column":13},"end":{"line":33,"column":3}},"4":{"start":{"line":30,"column":57},"end":{"line":33,"column":2}},"5":{"start":{"line":31,"column":19},"end":{"line":31,"column":null}},"6":{"start":{"line":31,"column":8},"end":{"line":31,"column":null}},"7":{"start":{"line":32,"column":2},"end":{"line":32,"column":18}},"8":{"start":{"line":35,"column":13},"end":{"line":45,"column":3}},"9":{"start":{"line":40,"column":4},"end":{"line":43,"column":62}},"10":{"start":{"line":48,"column":32},"end":{"line":51,"column":1}},"11":{"start":{"line":49,"column":2},"end":{"line":49,"column":25}},"12":{"start":{"line":50,"column":2},"end":{"line":50,"column":21}},"13":{"start":{"line":53,"column":34},"end":{"line":58,"column":1}},"14":{"start":{"line":54,"column":2},"end":{"line":54,"column":42}},"15":{"start":{"line":55,"column":2},"end":{"line":55,"column":52}},"16":{"start":{"line":56,"column":2},"end":{"line":56,"column":26}},"17":{"start":{"line":57,"column":2},"end":{"line":57,"column":39}},"18":{"start":{"line":60,"column":33},"end":{"line":63,"column":1}},"19":{"start":{"line":61,"column":2},"end":{"line":61,"column":26}},"20":{"start":{"line":62,"column":2},"end":{"line":62,"column":47}},"21":{"start":{"line":66,"column":24},"end":{"line":66,"column":67}},"22":{"start":{"line":66,"column":62},"end":{"line":66,"column":73}},"23":{"start":{"line":68,"column":13},"end":{"line":71,"column":2}},"24":{"start":{"line":70,"column":12},"end":{"line":70,"column":null}},"25":{"start":{"line":73,"column":13},"end":{"line":76,"column":2}},"26":{"start":{"line":75,"column":12},"end":{"line":75,"column":null}},"27":{"start":{"line":78,"column":0},"end":{"line":78,"column":33}}},"fnMap":{"0":{"name":"(anonymous_13)","decl":{"start":{"line":30,"column":57},"end":{"line":30,"column":null}},"loc":{"start":{"line":30,"column":57},"end":{"line":33,"column":2}}},"1":{"name":"(anonymous_16)","decl":{"start":{"line":39,"column":17},"end":{"line":39,"column":18}},"loc":{"start":{"line":39,"column":25},"end":{"line":44,"column":3}}},"2":{"name":"(anonymous_17)","decl":{"start":{"line":48,"column":32},"end":{"line":48,"column":33}},"loc":{"start":{"line":48,"column":55},"end":{"line":51,"column":1}}},"3":{"name":"(anonymous_18)","decl":{"start":{"line":53,"column":34},"end":{"line":53,"column":35}},"loc":{"start":{"line":53,"column":70},"end":{"line":58,"column":1}}},"4":{"name":"(anonymous_19)","decl":{"start":{"line":60,"column":33},"end":{"line":60,"column":34}},"loc":{"start":{"line":60,"column":69},"end":{"line":63,"column":1}}},"5":{"name":"(anonymous_20)","decl":{"start":{"line":66,"column":24},"end":{"line":66,"column":25}},"loc":{"start":{"line":66,"column":57},"end":{"line":66,"column":67}}},"6":{"name":"(anonymous_21)","decl":{"start":{"line":70,"column":2},"end":{"line":70,"column":3}},"loc":{"start":{"line":70,"column":7},"end":{"line":70,"column":16}}},"7":{"name":"(anonymous_22)","decl":{"start":{"line":75,"column":2},"end":{"line":75,"column":3}},"loc":{"start":{"line":75,"column":7},"end":{"line":75,"column":16}}}},"branchMap":{"0":{"loc":{"start":{"line":31,"column":19},"end":{"line":31,"column":null}},"type":"switch","locations":[{"start":{"line":31,"column":19},"end":{"line":31,"column":null}}]}},"s":{"0":2,"1":2,"2":2,"3":2,"4":0,"5":0,"6":0,"7":0,"8":2,"9":2,"10":2,"11":1,"12":1,"13":2,"14":1,"15":1,"16":1,"17":1,"18":2,"19":1,"20":1,"21":2,"22":0,"23":2,"24":0,"25":2,"26":0,"27":2},"f":{"0":0,"1":2,"2":1,"3":1,"4":1,"5":0,"6":0,"7":0},"b":{"0":[0]}}
,"C:\\web\\stellar-burgers\\src\\services\\slices\\ingredientsSlice.ts": {"path":"C:\\web\\stellar-burgers\\src\\services\\slices\\ingredientsSlice.ts","statementMap":{"0":{"start":{"line":1,"column":0},"end":{"line":1,"column":null}},"1":{"start":{"line":6,"column":0},"end":{"line":6,"column":59}},"2":{"start":{"line":15,"column":13},"end":{"line":19,"column":2}},"3":{"start":{"line":21,"column":13},"end":{"line":24,"column":2}},"4":{"start":{"line":26,"column":13},"end":{"line":48,"column":3}},"5":{"start":{"line":31,"column":4},"end":{"line":46,"column":10}},"6":{"start":{"line":32,"column":52},"end":{"line":36,"column":9}},"7":{"start":{"line":37,"column":62},"end":{"line":41,"column":9}},"8":{"start":{"line":42,"column":61},"end":{"line":46,"column":9}},"9":{"start":{"line":50,"column":31},"end":{"line":52,"column":11}},"10":{"start":{"line":52,"column":6},"end":{"line":52,"column":24}},"11":{"start":{"line":54,"column":13},"end":{"line":57,"column":2}},"12":{"start":{"line":56,"column":9},"end":{"line":56,"column":null}},"13":{"start":{"line":59,"column":13},"end":{"line":62,"column":2}},"14":{"start":{"line":61,"column":9},"end":{"line":61,"column":null}},"15":{"start":{"line":64,"column":13},"end":{"line":67,"column":2}},"16":{"start":{"line":66,"column":9},"end":{"line":66,"column":null}},"17":{"start":{"line":69,"column":25},"end":{"line":70,"column":16}},"18":{"start":{"line":70,"column":2},"end":{"line":72,"column":4}},"19":{"start":{"line":71,"column":4},"end":{"line":71,"column":null}},"20":{"start":{"line":71,"column":39},"end":{"line":71,"column":64}},"21":{"start":{"line":74,"column":13},"end":{"line":74,"column":50}},"22":{"start":{"line":75,"column":13},"end":{"line":75,"column":54}},"23":{"start":{"line":76,"column":13},"end":{"line":76,"column":52}},"24":{"start":{"line":78,"column":0},"end":{"line":78,"column":40}}},"fnMap":{"0":{"name":"(anonymous_2)","decl":{"start":{"line":30,"column":17},"end":{"line":30,"column":18}},"loc":{"start":{"line":30,"column":25},"end":{"line":47,"column":3}}},"1":{"name":"(anonymous_3)","decl":{"start":{"line":32,"column":41},"end":{"line":32,"column":42}},"loc":{"start":{"line":32,"column":47},"end":{"line":32,"column":null}}},"2":{"name":"(anonymous_4)","decl":{"start":{"line":37,"column":43},"end":{"line":37,"column":44}},"loc":{"start":{"line":37,"column":57},"end":{"line":37,"column":null}}},"3":{"name":"(anonymous_5)","decl":{"start":{"line":42,"column":42},"end":{"line":42,"column":43}},"loc":{"start":{"line":42,"column":56},"end":{"line":42,"column":null}}},"4":{"name":"(anonymous_6)","decl":{"start":{"line":50,"column":31},"end":{"line":50,"column":32}},"loc":{"start":{"line":52,"column":1},"end":{"line":52,"column":11}}},"5":{"name":"(anonymous_7)","decl":{"start":{"line":56,"column":2},"end":{"line":56,"column":3}},"loc":{"start":{"line":56,"column":4},"end":{"line":56,"column":10}}},"6":{"name":"(anonymous_8)","decl":{"start":{"line":61,"column":2},"end":{"line":61,"column":3}},"loc":{"start":{"line":61,"column":4},"end":{"line":61,"column":10}}},"7":{"name":"(anonymous_9)","decl":{"start":{"line":66,"column":2},"end":{"line":66,"column":3}},"loc":{"start":{"line":66,"column":4},"end":{"line":66,"column":10}}},"8":{"name":"(anonymous_10)","decl":{"start":{"line":69,"column":25},"end":{"line":69,"column":26}},"loc":{"start":{"line":69,"column":38},"end":{"line":70,"column":16}}},"9":{"name":"(anonymous_11)","decl":{"start":{"line":70,"column":36},"end":{"line":70,"column":37}},"loc":{"start":{"line":70,"column":48},"end":{"line":71,"column":15}}},"10":{"name":"(anonymous_12)","decl":{"start":{"line":71,"column":23},"end":{"line":71,"column":24}},"loc":{"start":{"line":71,"column":34},"end":{"line":71,"column":49}}}},"branchMap":{"0":{"loc":{"start":{"line":45,"column":15},"end":{"line":45,"column":43}},"type":"binary-expr","locations":[{"start":{"line":45,"column":15},"end":{"line":45,"column":35}},{"start":{"line":45,"column":39},"end":{"line":45,"column":43}}]}},"s":{"0":2,"1":2,"2":2,"3":2,"4":2,"5":2,"6":1,"7":1,"8":1,"9":2,"10":0,"11":2,"12":0,"13":2,"14":0,"15":2,"16":0,"17":2,"18":6,"19":0,"20":0,"21":2,"22":2,"23":2,"24":2},"f":{"0":2,"1":1,"2":1,"3":1,"4":0,"5":0,"6":0,"7":0,"8":6,"9":0,"10":0},"b":{"0":[1,0]}}
,"C:\\web\\stellar-burgers\\src\\services\\slices\\ordersHistorySlice.ts": {"path":"C:\\web\\stellar-burgers\\src\\services\\slices\\ordersHistorySlice.ts","statementMap":{"0":{"start":{"line":1,"column":0},"end":{"line":1,"column":65}},"1":{"start":{"line":3,"column":0},"end":{"line":3,"column":77}},"2":{"start":{"line":12,"column":13},"end":{"line":18,"column":2}},"3":{"start":{"line":20,"column":13},"end":{"line":26,"column":2}},"4":{"start":{"line":22,"column":23},"end":{"line":25,"column":null}},"5":{"start":{"line":23,"column":21},"end":{"line":23,"column":null}},"6":{"start":{"line":23,"column":10},"end":{"line":23,"column":null}},"7":{"start":{"line":24,"column":4},"end":{"line":24,"column":20}},"8":{"start":{"line":28,"column":13},"end":{"line":31,"column":2}},"9":{"start":{"line":30,"column":21},"end":{"line":30,"column":null}},"10":{"start":{"line":30,"column":26},"end":{"line":30,"column":null}},"11":{"start":{"line":33,"column":13},"end":{"line":82,"column":3}},"12":{"start":{"line":38,"column":6},"end":{"line":38,"column":32}},"13":{"start":{"line":42,"column":4},"end":{"line":76,"column":10}},"14":{"start":{"line":43,"column":47},"end":{"line":47,"column":9}},"15":{"start":{"line":48,"column":57},"end":{"line":53,"column":9}},"16":{"start":{"line":54,"column":56},"end":{"line":59,"column":9}},"17":{"start":{"line":60,"column":57},"end":{"line":64,"column":9}},"18":{"start":{"line":65,"column":67},"end":{"line":70,"column":9}},"19":{"start":{"line":71,"column":66},"end":{"line":76,"column":9}},"20":{"start":{"line":79,"column":29},"end":{"line":79,"column":null}},"21":{"start":{"line":80,"column":28},"end":{"line":80,"column":null}},"22":{"start":{"line":83,"column":0},"end":{"line":83,"column":35}},"23":{"start":{"line":84,"column":15},"end":{"line":84,"column":45}},"24":{"start":{"line":85,"column":15},"end":{"line":85,"column":51}}},"fnMap":{"0":{"name":"(anonymous_15)","decl":{"start":{"line":22,"column":2},"end":{"line":22,"column":9}},"loc":{"start":{"line":22,"column":23},"end":{"line":25,"column":null}}},"1":{"name":"(anonymous_16)","decl":{"start":{"line":22,"column":23},"end":{"line":22,"column":null}},"loc":{"start":{"line":22,"column":23},"end":{"line":25,"column":null}}},"2":{"name":"(anonymous_18)","decl":{"start":{"line":30,"column":2},"end":{"line":30,"column":9}},"loc":{"start":{"line":30,"column":21},"end":{"line":30,"column":null}}},"3":{"name":"(anonymous_19)","decl":{"start":{"line":30,"column":21},"end":{"line":30,"column":26}},"loc":{"start":{"line":30,"column":21},"end":{"line":30,"column":null}}},"4":{"name":"(anonymous_21)","decl":{"start":{"line":37,"column":17},"end":{"line":37,"column":18}},"loc":{"start":{"line":37,"column":23},"end":{"line":39,"column":5}}},"5":{"name":"(anonymous_22)","decl":{"start":{"line":41,"column":17},"end":{"line":41,"column":18}},"loc":{"start":{"line":41,"column":25},"end":{"line":77,"column":3}}},"6":{"name":"(anonymous_23)","decl":{"start":{"line":43,"column":36},"end":{"line":43,"column":37}},"loc":{"start":{"line":43,"column":42},"end":{"line":43,"column":null}}},"7":{"name":"(anonymous_24)","decl":{"start":{"line":48,"column":38},"end":{"line":48,"column":39}},"loc":{"start":{"line":48,"column":52},"end":{"line":48,"column":null}}},"8":{"name":"(anonymous_25)","decl":{"start":{"line":54,"column":37},"end":{"line":54,"column":38}},"loc":{"start":{"line":54,"column":51},"end":{"line":54,"column":null}}},"9":{"name":"(anonymous_26)","decl":{"start":{"line":60,"column":46},"end":{"line":60,"column":47}},"loc":{"start":{"line":60,"column":52},"end":{"line":60,"column":null}}},"10":{"name":"(anonymous_27)","decl":{"start":{"line":65,"column":48},"end":{"line":65,"column":49}},"loc":{"start":{"line":65,"column":62},"end":{"line":65,"column":null}}},"11":{"name":"(anonymous_28)","decl":{"start":{"line":71,"column":47},"end":{"line":71,"column":48}},"loc":{"start":{"line":71,"column":61},"end":{"line":71,"column":null}}},"12":{"name":"(anonymous_29)","decl":{"start":{"line":79,"column":18},"end":{"line":79,"column":19}},"loc":{"start":{"line":79,"column":24},"end":{"line":79,"column":34}}},"13":{"name":"(anonymous_30)","decl":{"start":{"line":80,"column":17},"end":{"line":80,"column":18}},"loc":{"start":{"line":80,"column":23},"end":{"line":80,"column":33}}}},"branchMap":{"0":{"loc":{"start":{"line":23,"column":21},"end":{"line":23,"column":null}},"type":"switch","locations":[{"start":{"line":23,"column":21},"end":{"line":23,"column":null}}]},"1":{"loc":{"start":{"line":58,"column":20},"end":{"line":58,"column":48}},"type":"binary-expr","locations":[{"start":{"line":58,"column":20},"end":{"line":58,"column":40}},{"start":{"line":58,"column":44},"end":{"line":58,"column":48}}]},"2":{"loc":{"start":{"line":75,"column":20},"end":{"line":75,"column":48}},"type":"binary-expr","locations":[{"start":{"line":75,"column":20},"end":{"line":75,"column":40}},{"start":{"line":75,"column":44},"end":{"line":75,"column":48}}]}},"s":{"0":2,"1":2,"2":2,"3":2,"4":0,"5":0,"6":0,"7":0,"8":2,"9":0,"10":0,"11":2,"12":1,"13":2,"14":1,"15":1,"16":1,"17":0,"18":0,"19":0,"20":0,"21":0,"22":2,"23":2,"24":2},"f":{"0":0,"1":0,"2":0,"3":0,"4":1,"5":2,"6":1,"7":1,"8":1,"9":0,"10":0,"11":0,"12":0,"13":0},"b":{"0":[0],"1":[1,0],"2":[0,0]}}
,"C:\\web\\stellar-burgers\\src\\services\\slices\\profileUserSlice.ts": {"path":"C:\\web\\stellar-burgers\\src\\services\\slices\\profileUserSlice.ts","statementMap":{"0":{"start":{"line":1,"column":0},"end":{"line":1,"column":80}},"1":{"start":{"line":3,"column":0},"end":{"line":3,"column":null}},"2":{"start":{"line":11,"column":0},"end":{"line":11,"column":72}},"3":{"start":{"line":22,"column":13},"end":{"line":27,"column":2}},"4":{"start":{"line":30,"column":22},"end":{"line":33,"column":1}},"5":{"start":{"line":31,"column":2},"end":{"line":31,"column":25}},"6":{"start":{"line":32,"column":2},"end":{"line":32,"column":21}},"7":{"start":{"line":35,"column":23},"end":{"line":42,"column":1}},"8":{"start":{"line":39,"column":2},"end":{"line":39,"column":26}},"9":{"start":{"line":40,"column":2},"end":{"line":41,"column":78}},"10":{"start":{"line":45,"column":13},"end":{"line":45,"column":78}},"11":{"start":{"line":45,"column":52},"end":{"line":45,"column":77}},"12":{"start":{"line":45,"column":64},"end":{"line":45,"column":77}},"13":{"start":{"line":47,"column":13},"end":{"line":55,"column":2}},"14":{"start":{"line":49,"column":22},"end":{"line":49,"column":24}},"15":{"start":{"line":50,"column":8},"end":{"line":50,"column":17}},"16":{"start":{"line":51,"column":6},"end":{"line":51,"column":32}},"17":{"start":{"line":53,"column":4},"end":{"line":53,"column":28}},"18":{"start":{"line":57,"column":13},"end":{"line":67,"column":2}},"19":{"start":{"line":59,"column":56},"end":{"line":59,"column":58}},"20":{"start":{"line":61,"column":26},"end":{"line":61,"column":null}},"21":{"start":{"line":61,"column":12},"end":{"line":61,"column":null}},"22":{"start":{"line":62,"column":6},"end":{"line":62,"column":25}},"23":{"start":{"line":64,"column":6},"end":{"line":64,"column":67}},"24":{"start":{"line":69,"column":13},"end":{"line":80,"column":2}},"25":{"start":{"line":71,"column":47},"end":{"line":71,"column":49}},"26":{"start":{"line":72,"column":17},"end":{"line":72,"column":null}},"27":{"start":{"line":72,"column":10},"end":{"line":72,"column":null}},"28":{"start":{"line":73,"column":4},"end":{"line":75,"column":5}},"29":{"start":{"line":74,"column":6},"end":{"line":74,"column":55}},"30":{"start":{"line":76,"column":4},"end":{"line":76,"column":47}},"31":{"start":{"line":77,"column":4},"end":{"line":77,"column":60}},"32":{"start":{"line":78,"column":4},"end":{"line":78,"column":16}},"33":{"start":{"line":82,"column":13},"end":{"line":93,"column":2}},"34":{"start":{"line":84,"column":16},"end":{"line":84,"column":18}},"35":{"start":{"line":84,"column":26},"end":{"line":84,"column":40}},"36":{"start":{"line":84,"column":59},"end":{"line":84,"column":61}},"37":{"start":{"line":85,"column":17},"end":{"line":85,"column":null}},"38":{"start":{"line":85,"column":10},"end":{"line":85,"column":null}},"39":{"start":{"line":86,"column":4},"end":{"line":88,"column":5}},"40":{"start":{"line":87,"column":6},"end":{"line":87,"column":47}},"41":{"start":{"line":89,"column":4},"end":{"line":89,"column":47}},"42":{"start":{"line":90,"column":4},"end":{"line":90,"column":60}},"43":{"start":{"line":91,"column":4},"end":{"line":91,"column":21}},"44":{"start":{"line":95,"column":13},"end":{"line":99,"column":3}},"45":{"start":{"line":95,"column":58},"end":{"line":99,"column":2}},"46":{"start":{"line":96,"column":2},"end":{"line":96,"column":20}},"47":{"start":{"line":97,"column":2},"end":{"line":97,"column":30}},"48":{"start":{"line":98,"column":2},"end":{"line":98,"column":23}},"49":{"start":{"line":101,"column":13},"end":{"line":165,"column":3}},"50":{"start":{"line":106,"column":6},"end":{"line":106,"column":33}},"51":{"start":{"line":110,"column":4},"end":{"line":163,"column":9}},"52":{"start":{"line":115,"column":10},"end":{"line":115,"column":43}},"53":{"start":{"line":116,"column":10},"end":{"line":116,"column":34}},"54":{"start":{"line":117,"column":10},"end":{"line":117,"column":37}},"55":{"start":{"line":123,"column":8},"end":{"line":123,"column":32}},"56":{"start":{"line":124,"column":8},"end":{"line":124,"column":36}},"57":{"start":{"line":125,"column":8},"end":{"line":125,"column":56}},"58":{"start":{"line":128,"column":8},"end":{"line":128,"column":32}},"59":{"start":{"line":129,"column":8},"end":{"line":129,"column":35}},"60":{"start":{"line":135,"column":10},"end":{"line":135,"column":34}},"61":{"start":{"line":136,"column":10},"end":{"line":136,"column":43}},"62":{"start":{"line":144,"column":10},"end":{"line":144,"column":34}},"63":{"start":{"line":145,"column":10},"end":{"line":145,"column":43}},"64":{"start":{"line":153,"column":10},"end":{"line":153,"column":34}},"65":{"start":{"line":154,"column":10},"end":{"line":154,"column":37}},"66":{"start":{"line":155,"column":10},"end":{"line":155,"column":38}},"67":{"start":{"line":161,"column":8},"end":{"line":161,"column":32}},"68":{"start":{"line":162,"column":8},"end":{"line":162,"column":26}},"69":{"start":{"line":168,"column":15},"end":{"line":168,"column":52}},"70":{"start":{"line":169,"column":0},"end":{"line":169,"column":36}},"71":{"start":{"line":172,"column":33},"end":{"line":172,"column":74}},"72":{"start":{"line":172,"column":69},"end":{"line":172,"column":80}},"73":{"start":{"line":172,"column":13},"end":{"line":172,"column":33}}},"fnMap":{"0":{"name":"(anonymous_13)","decl":{"start":{"line":30,"column":22},"end":{"line":30,"column":23}},"loc":{"start":{"line":30,"column":43},"end":{"line":33,"column":1}}},"1":{"name":"(anonymous_14)","decl":{"start":{"line":35,"column":23},"end":{"line":35,"column":null}},"loc":{"start":{"line":37,"column":32},"end":{"line":42,"column":1}}},"2":{"name":"(anonymous_15)","decl":{"start":{"line":45,"column":52},"end":{"line":45,"column":64}},"loc":{"start":{"line":45,"column":52},"end":{"line":45,"column":77}}},"3":{"name":"(anonymous_18)","decl":{"start":{"line":49,"column":2},"end":{"line":49,"column":9}},"loc":{"start":{"line":49,"column":24},"end":{"line":54,"column":null}}},"4":{"name":"(anonymous_21)","decl":{"start":{"line":59,"column":2},"end":{"line":59,"column":9}},"loc":{"start":{"line":59,"column":58},"end":{"line":66,"column":null}}},"5":{"name":"(anonymous_24)","decl":{"start":{"line":71,"column":2},"end":{"line":71,"column":9}},"loc":{"start":{"line":71,"column":49},"end":{"line":79,"column":null}}},"6":{"name":"(anonymous_27)","decl":{"start":{"line":84,"column":2},"end":{"line":84,"column":9}},"loc":{"start":{"line":84,"column":61},"end":{"line":92,"column":null}}},"7":{"name":"(anonymous_30)","decl":{"start":{"line":95,"column":58},"end":{"line":95,"column":null}},"loc":{"start":{"line":95,"column":58},"end":{"line":99,"column":2}}},"8":{"name":"(anonymous_33)","decl":{"start":{"line":105,"column":17},"end":{"line":105,"column":18}},"loc":{"start":{"line":105,"column":23},"end":{"line":107,"column":5}}},"9":{"name":"(anonymous_34)","decl":{"start":{"line":109,"column":17},"end":{"line":109,"column":18}},"loc":{"start":{"line":109,"column":25},"end":{"line":164,"column":3}}},"10":{"name":"(anonymous_35)","decl":{"start":{"line":114,"column":8},"end":{"line":114,"column":9}},"loc":{"start":{"line":114,"column":54},"end":{"line":118,"column":9}}},"11":{"name":"(anonymous_36)","decl":{"start":{"line":122,"column":36},"end":{"line":122,"column":37}},"loc":{"start":{"line":122,"column":42},"end":{"line":126,"column":7}}},"12":{"name":"(anonymous_37)","decl":{"start":{"line":127,"column":37},"end":{"line":127,"column":38}},"loc":{"start":{"line":127,"column":43},"end":{"line":130,"column":7}}},"13":{"name":"(anonymous_38)","decl":{"start":{"line":134,"column":8},"end":{"line":134,"column":9}},"loc":{"start":{"line":134,"column":54},"end":{"line":137,"column":9}}},"14":{"name":"(anonymous_39)","decl":{"start":{"line":143,"column":8},"end":{"line":143,"column":9}},"loc":{"start":{"line":143,"column":54},"end":{"line":146,"column":9}}},"15":{"name":"(anonymous_40)","decl":{"start":{"line":152,"column":8},"end":{"line":152,"column":9}},"loc":{"start":{"line":152,"column":44},"end":{"line":156,"column":9}}},"16":{"name":"(anonymous_41)","decl":{"start":{"line":160,"column":37},"end":{"line":160,"column":38}},"loc":{"start":{"line":160,"column":43},"end":{"line":163,"column":7}}},"17":{"name":"(anonymous_42)","decl":{"start":{"line":172,"column":33},"end":{"line":172,"column":34}},"loc":{"start":{"line":172,"column":64},"end":{"line":172,"column":74}}}},"branchMap":{"0":{"loc":{"start":{"line":41,"column":4},"end":{"line":41,"column":77}},"type":"cond-expr","locations":[{"start":{"line":41,"column":41},"end":{"line":41,"column":55}},{"start":{"line":41,"column":58},"end":{"line":41,"column":77}}]},"1":{"loc":{"start":{"line":50,"column":8},"end":{"line":50,"column":17}},"type":"if","locations":[{"start":{"line":50,"column":8},"end":{"line":50,"column":17}}]},"2":{"loc":{"start":{"line":72,"column":17},"end":{"line":72,"column":null}},"type":"switch","locations":[{"start":{"line":72,"column":17},"end":{"line":72,"column":null}}]},"3":{"loc":{"start":{"line":73,"column":4},"end":{"line":75,"column":5}},"type":"if","locations":[{"start":{"line":73,"column":4},"end":{"line":75,"column":5}}]},"4":{"loc":{"start":{"line":73,"column":9},"end":{"line":73,"column":22}},"type":"cond-expr","locations":[{"start":{"line":73,"column":13},"end":{"line":73,"column":15}},{"start":{"line":73,"column":9},"end":{"line":73,"column":22}}]},"5":{"loc":{"start":{"line":73,"column":9},"end":{"line":73,"column":15}},"type":"binary-expr","locations":[{"start":{"line":73,"column":9},"end":{"line":73,"column":15}},{"start":{"line":73,"column":9},"end":{"line":73,"column":15}}]},"6":{"loc":{"start":{"line":85,"column":17},"end":{"line":85,"column":null}},"type":"switch","locations":[{"start":{"line":85,"column":17},"end":{"line":85,"column":null}}]},"7":{"loc":{"start":{"line":86,"column":4},"end":{"line":88,"column":5}},"type":"if","locations":[{"start":{"line":86,"column":4},"end":{"line":88,"column":5}}]},"8":{"loc":{"start":{"line":86,"column":9},"end":{"line":86,"column":22}},"type":"cond-expr","locations":[{"start":{"line":86,"column":13},"end":{"line":86,"column":15}},{"start":{"line":86,"column":9},"end":{"line":86,"column":22}}]},"9":{"loc":{"start":{"line":86,"column":9},"end":{"line":86,"column":15}},"type":"binary-expr","locations":[{"start":{"line":86,"column":9},"end":{"line":86,"column":15}},{"start":{"line":86,"column":9},"end":{"line":86,"column":15}}]},"10":{"loc":{"start":{"line":96,"column":2},"end":{"line":96,"column":20}},"type":"switch","locations":[{"start":{"line":96,"column":2},"end":{"line":96,"column":20}}]}},"s":{"0":2,"1":2,"2":2,"3":2,"4":2,"5":1,"6":1,"7":2,"8":1,"9":1,"10":2,"11":0,"12":0,"13":2,"14":0,"15":0,"16":0,"17":0,"18":2,"19":0,"20":0,"21":0,"22":0,"23":0,"24":2,"25":0,"26":0,"27":0,"28":0,"29":0,"30":0,"31":0,"32":0,"33":2,"34":0,"35":0,"36":0,"37":0,"38":0,"39":0,"40":0,"41":0,"42":0,"43":0,"44":2,"45":0,"46":0,"47":0,"48":0,"49":2,"50":0,"51":2,"52":1,"53":1,"54":1,"55":0,"56":0,"57":0,"58":0,"59":0,"60":0,"61":0,"62":0,"63":0,"64":0,"65":0,"66":0,"67":0,"68":0,"69":2,"70":2,"71":2,"72":0,"73":2},"f":{"0":1,"1":1,"2":0,"3":0,"4":0,"5":0,"6":0,"7":0,"8":0,"9":2,"10":1,"11":0,"12":0,"13":0,"14":0,"15":0,"16":0,"17":0},"b":{"0":[0,1],"1":[0],"2":[0],"3":[0],"4":[0,0],"5":[0,0],"6":[0],"7":[0],"8":[0,0],"9":[0,0],"10":[0]}}
}
