TN:
SF:src\services\store.ts
FN:20,(anonymous_0)
FNF:1
FNH:0
FNDA:0,(anonymous_0)
DA:1,1
DA:3,1
DA:8,1
DA:10,1
DA:20,1
DA:21,1
DA:23,1
LF:7
LH:7
BRF:0
BRH:0
end_of_record
TN:
SF:src\services\reducers\rootReducer.ts
FNF:0
FNH:0
DA:1,1
DA:2,1
DA:3,1
DA:4,1
DA:5,1
DA:6,1
DA:7,1
DA:8,1
LF:8
LH:8
BRF:0
BRH:0
end_of_record
TN:
SF:src\services\slices\activeOrdersSlice.ts
FN:7,(anonymous_13)
FN:26,(anonymous_16)
FN:28,(anonymous_17)
FN:33,(anonymous_18)
FN:37,(anonymous_19)
FN:44,(anonymous_20)
FNF:6
FNH:4
FNDA:0,(anonymous_13)
FNDA:2,(anonymous_16)
FNDA:1,(anonymous_17)
FNDA:1,(anonymous_18)
FNDA:1,(anonymous_19)
FNDA:0,(anonymous_20)
DA:2,2
DA:3,2
DA:5,2
DA:7,0
DA:16,2
DA:22,2
DA:27,2
DA:29,1
DA:30,1
DA:31,1
DA:34,1
DA:35,1
DA:38,1
DA:39,1
DA:44,2
DA:46,0
DA:48,2
LF:17
LH:15
BRDA:35,0,0,1
BRDA:35,0,1,0
BRF:2
BRH:1
end_of_record
TN:
SF:src\services\slices\burgerConstructorSlice.ts
FN:19,(anonymous_2)
FN:24,(anonymous_3)
FN:28,(anonymous_4)
FN:36,(anonymous_5)
FN:38,(anonymous_6)
FN:45,(anonymous_7)
FN:56,(anonymous_8)
FNF:7
FNH:5
FNDA:0,(anonymous_2)
FNDA:2,(anonymous_3)
FNDA:2,(anonymous_4)
FNDA:1,(anonymous_5)
FNDA:1,(anonymous_6)
FNDA:1,(anonymous_7)
FNDA:0,(anonymous_8)
DA:1,2
DA:10,2
DA:15,2
DA:19,0
DA:24,2
DA:29,2
DA:30,1
DA:32,1
DA:37,1
DA:38,1
DA:41,1
DA:42,1
DA:49,1
DA:51,1
DA:52,1
DA:53,1
DA:58,0
DA:59,0
DA:65,2
DA:72,2
LF:20
LH:17
BRDA:29,0,0,1
BRDA:29,0,1,1
BRDA:41,1,0,1
BRDA:51,2,0,1
BRF:4
BRH:4
end_of_record
TN:
SF:src\services\slices\feedSlice.ts
FN:30,(anonymous_13)
FN:39,(anonymous_16)
FN:48,(anonymous_17)
FN:53,(anonymous_18)
FN:60,(anonymous_19)
FN:66,(anonymous_20)
FN:70,(anonymous_21)
FN:75,(anonymous_22)
FNF:8
FNH:4
FNDA:0,(anonymous_13)
FNDA:2,(anonymous_16)
FNDA:1,(anonymous_17)
FNDA:1,(anonymous_18)
FNDA:1,(anonymous_19)
FNDA:0,(anonymous_20)
FNDA:0,(anonymous_21)
FNDA:0,(anonymous_22)
DA:1,2
DA:7,2
DA:19,2
DA:30,2
DA:31,0
DA:32,0
DA:35,2
DA:40,2
DA:48,2
DA:49,1
DA:50,1
DA:53,2
DA:54,1
DA:55,1
DA:56,1
DA:57,1
DA:60,2
DA:61,1
DA:62,1
DA:66,2
DA:68,2
DA:70,0
DA:73,2
DA:75,0
DA:78,2
LF:25
LH:21
BRDA:31,0,0,0
BRF:1
BRH:0
end_of_record
TN:
SF:src\services\slices\ingredientsSlice.ts
FN:30,(anonymous_2)
FN:32,(anonymous_3)
FN:37,(anonymous_4)
FN:42,(anonymous_5)
FN:50,(anonymous_6)
FN:56,(anonymous_7)
FN:61,(anonymous_8)
FN:66,(anonymous_9)
FN:69,(anonymous_10)
FN:70,(anonymous_11)
FN:71,(anonymous_12)
FNF:11
FNH:5
FNDA:2,(anonymous_2)
FNDA:1,(anonymous_3)
FNDA:1,(anonymous_4)
FNDA:1,(anonymous_5)
FNDA:0,(anonymous_6)
FNDA:0,(anonymous_7)
FNDA:0,(anonymous_8)
FNDA:0,(anonymous_9)
FNDA:6,(anonymous_10)
FNDA:0,(anonymous_11)
FNDA:0,(anonymous_12)
DA:1,2
DA:6,2
DA:15,2
DA:21,2
DA:26,2
DA:31,2
DA:32,1
DA:37,1
DA:42,1
DA:50,2
DA:52,0
DA:54,2
DA:56,0
DA:59,2
DA:61,0
DA:64,2
DA:66,0
DA:69,2
DA:70,6
DA:71,0
DA:74,2
DA:75,2
DA:76,2
DA:78,2
LF:24
LH:19
BRDA:45,0,0,1
BRDA:45,0,1,0
BRF:2
BRH:1
end_of_record
TN:
SF:src\services\slices\ordersHistorySlice.ts
FN:22,(anonymous_15)
FN:22,(anonymous_16)
FN:30,(anonymous_18)
FN:30,(anonymous_19)
FN:37,(anonymous_21)
FN:41,(anonymous_22)
FN:43,(anonymous_23)
FN:48,(anonymous_24)
FN:54,(anonymous_25)
FN:60,(anonymous_26)
FN:65,(anonymous_27)
FN:71,(anonymous_28)
FN:79,(anonymous_29)
FN:80,(anonymous_30)
FNF:14
FNH:5
FNDA:0,(anonymous_15)
FNDA:0,(anonymous_16)
FNDA:0,(anonymous_18)
FNDA:0,(anonymous_19)
FNDA:1,(anonymous_21)
FNDA:2,(anonymous_22)
FNDA:1,(anonymous_23)
FNDA:1,(anonymous_24)
FNDA:1,(anonymous_25)
FNDA:0,(anonymous_26)
FNDA:0,(anonymous_27)
FNDA:0,(anonymous_28)
FNDA:0,(anonymous_29)
FNDA:0,(anonymous_30)
DA:1,2
DA:3,2
DA:12,2
DA:20,2
DA:22,0
DA:23,0
DA:24,0
DA:28,2
DA:30,0
DA:33,2
DA:38,1
DA:42,2
DA:43,1
DA:48,1
DA:54,1
DA:60,0
DA:65,0
DA:71,0
DA:79,0
DA:80,0
DA:83,2
DA:84,2
DA:85,2
LF:23
LH:14
BRDA:23,0,0,0
BRDA:58,1,0,1
BRDA:58,1,1,0
BRDA:75,2,0,0
BRDA:75,2,1,0
BRF:5
BRH:1
end_of_record
TN:
SF:src\services\slices\profileUserSlice.ts
FN:30,(anonymous_13)
FN:35,(anonymous_14)
FN:45,(anonymous_15)
FN:49,(anonymous_18)
FN:59,(anonymous_21)
FN:71,(anonymous_24)
FN:84,(anonymous_27)
FN:95,(anonymous_30)
FN:105,(anonymous_33)
FN:109,(anonymous_34)
FN:114,(anonymous_35)
FN:122,(anonymous_36)
FN:127,(anonymous_37)
FN:134,(anonymous_38)
FN:143,(anonymous_39)
FN:152,(anonymous_40)
FN:160,(anonymous_41)
FN:172,(anonymous_42)
FNF:18
FNH:4
FNDA:1,(anonymous_13)
FNDA:1,(anonymous_14)
FNDA:0,(anonymous_15)
FNDA:0,(anonymous_18)
FNDA:0,(anonymous_21)
FNDA:0,(anonymous_24)
FNDA:0,(anonymous_27)
FNDA:0,(anonymous_30)
FNDA:0,(anonymous_33)
FNDA:2,(anonymous_34)
FNDA:1,(anonymous_35)
FNDA:0,(anonymous_36)
FNDA:0,(anonymous_37)
FNDA:0,(anonymous_38)
FNDA:0,(anonymous_39)
FNDA:0,(anonymous_40)
FNDA:0,(anonymous_41)
FNDA:0,(anonymous_42)
DA:1,2
DA:3,2
DA:11,2
DA:22,2
DA:30,2
DA:31,1
DA:32,1
DA:35,2
DA:39,1
DA:40,1
DA:45,2
DA:47,2
DA:49,0
DA:50,0
DA:51,0
DA:53,0
DA:57,2
DA:59,0
DA:61,0
DA:62,0
DA:64,0
DA:69,2
DA:71,0
DA:72,0
DA:73,0
DA:74,0
DA:76,0
DA:77,0
DA:78,0
DA:82,2
DA:84,0
DA:85,0
DA:86,0
DA:87,0
DA:89,0
DA:90,0
DA:91,0
DA:95,2
DA:96,0
DA:97,0
DA:98,0
DA:101,2
DA:106,0
DA:110,2
DA:115,1
DA:116,1
DA:117,1
DA:123,0
DA:124,0
DA:125,0
DA:128,0
DA:129,0
DA:135,0
DA:136,0
DA:144,0
DA:145,0
DA:153,0
DA:154,0
DA:155,0
DA:161,0
DA:162,0
DA:168,2
DA:169,2
DA:172,2
LF:64
LH:24
BRDA:41,0,0,0
BRDA:41,0,1,1
BRDA:50,1,0,0
BRDA:72,2,0,0
BRDA:73,3,0,0
BRDA:73,4,0,0
BRDA:73,4,1,0
BRDA:73,5,0,0
BRDA:73,5,1,0
BRDA:85,6,0,0
BRDA:86,7,0,0
BRDA:86,8,0,0
BRDA:86,8,1,0
BRDA:86,9,0,0
BRDA:86,9,1,0
BRDA:96,10,0,0
BRF:16
BRH:1
end_of_record
